2017-12-26 10:16:16 [192.168.83.1][-][-][warning][yii\debug\Module::checkAccess] Access to debugger is denied due to IP address restriction. The requesting IP address is 192.168.83.1
2017-12-26 10:16:14 [192.168.83.1][-][-][info][application] $_SERVER = [
    'USER' => 'vagrant'
    'HOME' => '/home/vagrant'
    'HTTP_ACCEPT_LANGUAGE' => 'ru-RU,ru;q=0.9,en-US;q=0.8,en;q=0.7,uk;q=0.6'
    'HTTP_ACCEPT_ENCODING' => 'gzip, deflate'
    'HTTP_ACCEPT' => 'text/html,application/xhtml+xml,application/xml;q=0.9,image/webp,image/apng,*/*;q=0.8'
    'HTTP_UPGRADE_INSECURE_REQUESTS' => '1'
    'HTTP_USER_AGENT' => 'Mozilla/5.0 (X11; Linux x86_64) AppleWebKit/537.36 (KHTML, like Gecko) Chrome/62.0.3202.94 Safari/537.36'
    'HTTP_CONNECTION' => 'keep-alive'
    'HTTP_HOST' => 'api.test'
    'SCRIPT_FILENAME' => '/app/api/web/index.php'
    'REDIRECT_STATUS' => '200'
    'SERVER_NAME' => 'api.test'
    'SERVER_PORT' => '80'
    'SERVER_ADDR' => '192.168.83.137'
    'REMOTE_PORT' => '42102'
    'REMOTE_ADDR' => '192.168.83.1'
    'SERVER_SOFTWARE' => 'nginx/1.10.3'
    'GATEWAY_INTERFACE' => 'CGI/1.1'
    'REQUEST_SCHEME' => 'http'
    'SERVER_PROTOCOL' => 'HTTP/1.1'
    'DOCUMENT_ROOT' => '/app/api/web'
    'DOCUMENT_URI' => '/index.php'
    'REQUEST_URI' => '/'
    'SCRIPT_NAME' => '/index.php'
    'CONTENT_LENGTH' => ''
    'CONTENT_TYPE' => ''
    'REQUEST_METHOD' => 'GET'
    'QUERY_STRING' => ''
    'FCGI_ROLE' => 'RESPONDER'
    'PHP_SELF' => '/index.php'
    'REQUEST_TIME_FLOAT' => 1514283374.5179
    'REQUEST_TIME' => 1514283374
]
2017-12-26 10:16:16 [192.168.83.1][-][-][warning][yii\debug\Module::checkAccess] Access to debugger is denied due to IP address restriction. The requesting IP address is 192.168.83.1
2017-12-26 10:16:16 [192.168.83.1][-][-][info][application] $_SERVER = [
    'USER' => 'vagrant'
    'HOME' => '/home/vagrant'
    'HTTP_ACCEPT_LANGUAGE' => 'ru-RU,ru;q=0.9,en-US;q=0.8,en;q=0.7,uk;q=0.6'
    'HTTP_ACCEPT_ENCODING' => 'gzip, deflate'
    'HTTP_ACCEPT' => 'text/html,application/xhtml+xml,application/xml;q=0.9,image/webp,image/apng,*/*;q=0.8'
    'HTTP_UPGRADE_INSECURE_REQUESTS' => '1'
    'HTTP_USER_AGENT' => 'Mozilla/5.0 (X11; Linux x86_64) AppleWebKit/537.36 (KHTML, like Gecko) Chrome/62.0.3202.94 Safari/537.36'
    'HTTP_CONNECTION' => 'keep-alive'
    'HTTP_HOST' => 'api.test'
    'SCRIPT_FILENAME' => '/app/api/web/index.php'
    'REDIRECT_STATUS' => '200'
    'SERVER_NAME' => 'api.test'
    'SERVER_PORT' => '80'
    'SERVER_ADDR' => '192.168.83.137'
    'REMOTE_PORT' => '42102'
    'REMOTE_ADDR' => '192.168.83.1'
    'SERVER_SOFTWARE' => 'nginx/1.10.3'
    'GATEWAY_INTERFACE' => 'CGI/1.1'
    'REQUEST_SCHEME' => 'http'
    'SERVER_PROTOCOL' => 'HTTP/1.1'
    'DOCUMENT_ROOT' => '/app/api/web'
    'DOCUMENT_URI' => '/index.php'
    'REQUEST_URI' => '/'
    'SCRIPT_NAME' => '/index.php'
    'CONTENT_LENGTH' => ''
    'CONTENT_TYPE' => ''
    'REQUEST_METHOD' => 'GET'
    'QUERY_STRING' => ''
    'FCGI_ROLE' => 'RESPONDER'
    'PHP_SELF' => '/index.php'
    'REQUEST_TIME_FLOAT' => 1514283376.946
    'REQUEST_TIME' => 1514283376
]
